[2026-03-18T16:06:07.315Z] [INFO] Watch service ready (native mode)
[2026-03-18T16:19:22.101Z] [INFO] Indexed changed file: index.mdx
[2026-03-18T16:27:38.850Z] [INFO] Indexed added file: ontology.mdx
[2026-03-18T16:27:39.469Z] [INFO] Indexed changed file: docs.json
[2026-03-18T16:31:38.353Z] [INFO] Indexed changed file: ontology.mdx
[2026-03-18T16:32:36.929Z] [INFO] Indexed changed file: ontology.mdx
[2026-03-18T16:42:05.842Z] [INFO] Indexed changed file: ontology.mdx
[2026-03-18T16:50:01.902Z] [INFO] Indexed changed file: docs.json
[2026-03-18T16:50:02.444Z] [INFO] Indexed changed file: ontology.mdx
[2026-03-18T16:55:10.502Z] [INFO] Indexed added file: api.mdx
[2026-03-18T16:55:12.297Z] [INFO] Indexed changed file: docs.json
[2026-03-18T16:58:24.917Z] [INFO] Indexed changed file: ontology.mdx
[2026-03-18T16:59:27.359Z] [INFO] Indexed changed file: api.mdx
[2026-03-18T17:00:21.970Z] [INFO] Indexed changed file: docs.json
[2026-03-18T17:03:59.556Z] [INFO] Indexed changed file: ontology.mdx
[2026-03-18T17:20:31.891Z] [INFO] Indexed changed file: ontology.mdx
[2026-03-18T17:41:13.888Z] [INFO] Indexed changed file: benchmarks.mdx
[2026-03-18T17:41:19.513Z] [INFO] Indexed changed file: benchmarks.mdx
[2026-03-18T17:41:29.794Z] [INFO] Indexed changed file: benchmarks.mdx
[2026-03-18T17:41:36.621Z] [INFO] Indexed changed file: benchmarks.mdx
[2026-03-18T17:41:39.962Z] [INFO] Indexed changed file: benchmarks.mdx
[2026-03-18T18:41:38.630Z] [INFO] Indexed changed file: benchmarks.mdx
